<html>
<head>
<title>TestNG:  Default test</title>
<link href="../testng.css" rel="stylesheet" type="text/css" />
<link href="../my-testng.css" rel="stylesheet" type="text/css" />

<style type="text/css">
.log { display: none;} 
.stack-trace { display: none;} 
</style>
<script type="text/javascript">
<!--
function flip(e) {
  current = e.style.display;
  if (current == 'block') {
    e.style.display = 'none';
    return 0;
  }
  else {
    e.style.display = 'block';
    return 1;
  }
}

function toggleBox(szDivId, elem, msg1, msg2)
{
  var res = -1;  if (document.getElementById) {
    res = flip(document.getElementById(szDivId));
  }
  else if (document.all) {
    // this is the way old msie versions work
    res = flip(document.all[szDivId]);
  }
  if(elem) {
    if(res == 0) elem.innerHTML = msg1; else elem.innerHTML = msg2;
  }

}

function toggleAllBoxes() {
  if (document.getElementsByTagName) {
    d = document.getElementsByTagName('div');
    for (i = 0; i < d.length; i++) {
      if (d[i].className == 'log') {
        flip(d[i]);
      }
    }
  }
}

// -->
</script>

</head>
<body>
<h2 align='center'>Default test</h2><table border='1' align="center">
<tr>
<td>Tests passed/Failed/Skipped:</td><td>9/1/0</td>
</tr><tr>
<td>Started on:</td><td>Wed Jan 24 08:24:19 IST 2024</td>
</tr>
<tr><td>Total time:</td><td>424 seconds (424306 ms)</td>
</tr><tr>
<td>Included groups:</td><td></td>
</tr><tr>
<td>Excluded groups:</td><td></td>
</tr>
</table><p/>
<small><i>(Hover the method name to see the test class name)</i></small><p/>
<table width='100%' border='1' class='invocation-failed'>
<tr><td colspan='4' align='center'><b>FAILED TESTS</b></td></tr>
<tr><td><b>Test method</b></td>
<td><b>Attribute(s)</b></td>
<td width="30%"><b>Exception</b></td>
<td width="10%"><b>Time (seconds)</b></td>
<td><b>Instance</b></td>
</tr>
<tr>
<td title='runners.TestRunner.runScenario()'><b>runScenario</b><br>Test class: runners.TestRunner<br>Test method: Runs Cucumber Scenarios<br>Parameters: "Login to FirstCry", "FirstCry Login Automation"</td>
<td><div><pre>java.lang.AssertionError: expected [Login] but found [Baby Products Online India: Newborn Baby Products &amp; Kids Online Shopping at FirstCry.com]
	at org.testng.Assert.fail(Assert.java:110)
	at org.testng.Assert.failNotEquals(Assert.java:1577)
	at org.testng.Assert.assertEqualsImpl(Assert.java:149)
	at org.testng.Assert.assertEquals(Assert.java:131)
	at org.testng.Assert.assertEquals(Assert.java:655)
	at org.testng.Assert.assertEquals(Assert.java:665)
	at Stepdefinition.LoginStep.user_click_the_submit_btn(LoginStep.java:124)
	at ✽.user click the submit btn(file:///D:/Mphasis%20Training/Selenium%20workspace/FirstCry_RLL/src/test/java/Feature/A_login.feature:18)
</pre></div><a href='#' onClick='toggleBox("stack-trace1794666800", this, "Click to show all stack frames", "Click to hide stack frames")'>Click to show all stack frames</a>
<div class='stack-trace' id='stack-trace1794666800'><pre>java.lang.AssertionError: expected [Login] but found [Baby Products Online India: Newborn Baby Products &amp; Kids Online Shopping at FirstCry.com]
	at org.testng.Assert.fail(Assert.java:110)
	at org.testng.Assert.failNotEquals(Assert.java:1577)
	at org.testng.Assert.assertEqualsImpl(Assert.java:149)
	at org.testng.Assert.assertEquals(Assert.java:131)
	at org.testng.Assert.assertEquals(Assert.java:655)
	at org.testng.Assert.assertEquals(Assert.java:665)
	at Stepdefinition.LoginStep.user_click_the_submit_btn(LoginStep.java:124)
	at ✽.user click the submit btn(file:///D:/Mphasis%20Training/Selenium%20workspace/FirstCry_RLL/src/test/java/Feature/A_login.feature:18)
</pre></div></td>
<td>43</td>
<td>runners.TestRunner@5b04476e</td></tr>
</table><p>
<table width='100%' border='1' class='invocation-passed'>
<tr><td colspan='4' align='center'><b>PASSED TESTS</b></td></tr>
<tr><td><b>Test method</b></td>
<td><b>Attribute(s)</b></td>
<td width="30%"><b>Exception</b></td>
<td width="10%"><b>Time (seconds)</b></td>
<td><b>Instance</b></td>
</tr>
<tr>
<td title='runners.TestRunner.runScenario()'><b>runScenario</b><br>Test class: runners.TestRunner<br>Test method: Runs Cucumber Scenarios<br>Parameters: "User edits their profile information", "MyProfile Functionality"</td>
<td></td>
<td>49</td>
<td>runners.TestRunner@5b04476e</td></tr>
<tr>
<td title='runners.TestRunner.runScenario()'><b>runScenario</b><br>Test class: runners.TestRunner<br>Test method: Runs Cucumber Scenarios<br>Parameters: "User must be able to view cart", "Cart Functionality"</td>
<td></td>
<td>34</td>
<td>runners.TestRunner@5b04476e</td></tr>
<tr>
<td title='runners.TestRunner.runScenario()'><b>runScenario</b><br>Test class: runners.TestRunner<br>Test method: Runs Cucumber Scenarios<br>Parameters: "Login, Search", "Search Functionality"</td>
<td></td>
<td>14</td>
<td>runners.TestRunner@5b04476e</td></tr>
<tr>
<td title='runners.TestRunner.runScenario()'><b>runScenario</b><br>Test class: runners.TestRunner<br>Test method: Runs Cucumber Scenarios<br>Parameters: "Login to FirstCry", "FirstCry Login Automation"</td>
<td></td>
<td>48</td>
<td>runners.TestRunner@5b04476e</td></tr>
<tr>
<td title='runners.TestRunner.runScenario()'><b>runScenario</b><br>Test class: runners.TestRunner<br>Test method: Runs Cucumber Scenarios<br>Parameters: "Login, Search", "Search Functionality"</td>
<td></td>
<td>18</td>
<td>runners.TestRunner@5b04476e</td></tr>
<tr>
<td title='runners.TestRunner.runScenario()'><b>runScenario</b><br>Test class: runners.TestRunner<br>Test method: Runs Cucumber Scenarios<br>Parameters: "User must be able to find FirstCry store results", "StoreLocator Functionality"</td>
<td></td>
<td>58</td>
<td>runners.TestRunner@5b04476e</td></tr>
<tr>
<td title='runners.TestRunner.runScenario()'><b>runScenario</b><br>Test class: runners.TestRunner<br>Test method: Runs Cucumber Scenarios<br>Parameters: "Login to FirstCry", "PreSchool Funtionality"</td>
<td></td>
<td>59</td>
<td>runners.TestRunner@5b04476e</td></tr>
<tr>
<td title='runners.TestRunner.runScenario()'><b>runScenario</b><br>Test class: runners.TestRunner<br>Test method: Runs Cucumber Scenarios<br>Parameters: "Shortlist products", "Shortlist Functionality"</td>
<td></td>
<td>63</td>
<td>runners.TestRunner@5b04476e</td></tr>
<tr>
<td title='runners.TestRunner.runScenario()'><b>runScenario</b><br>Test class: runners.TestRunner<br>Test method: Runs Cucumber Scenarios<br>Parameters: "Login, Search and Add Product to Cart", "Add to Cart Functionality"</td>
<td></td>
<td>32</td>
<td>runners.TestRunner@5b04476e</td></tr>
</table><p>
</body>
</html>