<?xml version="1.0" encoding="UTF-8"?>
<testng-results ignored="0" total="10" passed="9" failed="1" skipped="0">
  <reporter-output>
  </reporter-output>
  <suite started-at="2024-01-24T08:24:19 IST" name="Default suite" finished-at="2024-01-24T08:31:24 IST" duration-ms="424306">
    <groups>
      <group name="cucumber">
        <method signature="AbstractTestNGCucumberTests.runScenario(io.cucumber.testng.PickleWrapper,io.cucumber.testng.FeatureWrapper)[pri:0, instance:runners.TestRunner@5b04476e]" name="runScenario" class="io.cucumber.testng.AbstractTestNGCucumberTests"/>
      </group> <!-- cucumber -->
    </groups>
    <test started-at="2024-01-24T08:24:19 IST" name="Default test" finished-at="2024-01-24T08:31:24 IST" duration-ms="424306">
      <class name="runners.TestRunner">
        <test-method is-config="true" signature="setUpClass(org.testng.ITestContext)[pri:0, instance:runners.TestRunner@5b04476e]" started-at="2024-01-24T08:24:19 IST" name="setUpClass" finished-at="2024-01-24T08:24:21 IST" duration-ms="1451" status="PASS">
          <params>
            <param index="0">
              <value>
                <![CDATA[org.testng.TestRunner@64544ee4]]>
              </value>
            </param>
          </params>
          <reporter-output>
          </reporter-output>
        </test-method> <!-- setUpClass -->
        <test-method signature="runScenario(io.cucumber.testng.PickleWrapper,io.cucumber.testng.FeatureWrapper)[pri:0, instance:runners.TestRunner@5b04476e]" started-at="2024-01-24T08:24:21 IST" name="runScenario" description="Runs Cucumber Scenarios" data-provider="scenarios" finished-at="2024-01-24T08:25:10 IST" duration-ms="48637" status="PASS">
          <params>
            <param index="0">
              <value>
                <![CDATA["Login to FirstCry"]]>
              </value>
            </param>
            <param index="1">
              <value>
                <![CDATA["FirstCry Login Automation"]]>
              </value>
            </param>
          </params>
          <reporter-output>
          </reporter-output>
        </test-method> <!-- runScenario -->
        <test-method signature="runScenario(io.cucumber.testng.PickleWrapper,io.cucumber.testng.FeatureWrapper)[pri:0, instance:runners.TestRunner@5b04476e]" started-at="2024-01-24T08:25:10 IST" name="runScenario" description="Runs Cucumber Scenarios" data-provider="scenarios" finished-at="2024-01-24T08:25:53 IST" duration-ms="43572" status="FAIL">
          <params>
            <param index="0">
              <value>
                <![CDATA["Login to FirstCry"]]>
              </value>
            </param>
            <param index="1">
              <value>
                <![CDATA["FirstCry Login Automation"]]>
              </value>
            </param>
          </params>
          <exception class="java.lang.AssertionError">
            <message>
              <![CDATA[expected [Login] but found [Baby Products Online India: Newborn Baby Products & Kids Online Shopping at FirstCry.com]]]>
            </message>
            <full-stacktrace>
              <![CDATA[java.lang.AssertionError: expected [Login] but found [Baby Products Online India: Newborn Baby Products & Kids Online Shopping at FirstCry.com]
at org.testng.Assert.fail(Assert.java:110)
at org.testng.Assert.failNotEquals(Assert.java:1577)
at org.testng.Assert.assertEqualsImpl(Assert.java:149)
at org.testng.Assert.assertEquals(Assert.java:131)
at org.testng.Assert.assertEquals(Assert.java:655)
at org.testng.Assert.assertEquals(Assert.java:665)
at Stepdefinition.LoginStep.user_click_the_submit_btn(LoginStep.java:124)
at âœ½.user click the submit btn(file:///D:/Mphasis%20Training/Selenium%20workspace/FirstCry_RLL/src/test/java/Feature/A_login.feature:18)
]]>
            </full-stacktrace>
          </exception> <!-- java.lang.AssertionError -->
          <reporter-output>
          </reporter-output>
        </test-method> <!-- runScenario -->
        <test-method signature="runScenario(io.cucumber.testng.PickleWrapper,io.cucumber.testng.FeatureWrapper)[pri:0, instance:runners.TestRunner@5b04476e]" started-at="2024-01-24T08:25:53 IST" name="runScenario" description="Runs Cucumber Scenarios" data-provider="scenarios" finished-at="2024-01-24T08:26:43 IST" duration-ms="49769" status="PASS">
          <params>
            <param index="0">
              <value>
                <![CDATA["User edits their profile information"]]>
              </value>
            </param>
            <param index="1">
              <value>
                <![CDATA["MyProfile Functionality"]]>
              </value>
            </param>
          </params>
          <reporter-output>
          </reporter-output>
        </test-method> <!-- runScenario -->
        <test-method signature="runScenario(io.cucumber.testng.PickleWrapper,io.cucumber.testng.FeatureWrapper)[pri:0, instance:runners.TestRunner@5b04476e]" started-at="2024-01-24T08:26:43 IST" name="runScenario" description="Runs Cucumber Scenarios" data-provider="scenarios" finished-at="2024-01-24T08:26:57 IST" duration-ms="14251" status="PASS">
          <params>
            <param index="0">
              <value>
                <![CDATA["Login, Search"]]>
              </value>
            </param>
            <param index="1">
              <value>
                <![CDATA["Search Functionality"]]>
              </value>
            </param>
          </params>
          <reporter-output>
          </reporter-output>
        </test-method> <!-- runScenario -->
        <test-method signature="runScenario(io.cucumber.testng.PickleWrapper,io.cucumber.testng.FeatureWrapper)[pri:0, instance:runners.TestRunner@5b04476e]" started-at="2024-01-24T08:26:57 IST" name="runScenario" description="Runs Cucumber Scenarios" data-provider="scenarios" finished-at="2024-01-24T08:27:15 IST" duration-ms="18159" status="PASS">
          <params>
            <param index="0">
              <value>
                <![CDATA["Login, Search"]]>
              </value>
            </param>
            <param index="1">
              <value>
                <![CDATA["Search Functionality"]]>
              </value>
            </param>
          </params>
          <reporter-output>
          </reporter-output>
        </test-method> <!-- runScenario -->
        <test-method signature="runScenario(io.cucumber.testng.PickleWrapper,io.cucumber.testng.FeatureWrapper)[pri:0, instance:runners.TestRunner@5b04476e]" started-at="2024-01-24T08:27:15 IST" name="runScenario" description="Runs Cucumber Scenarios" data-provider="scenarios" finished-at="2024-01-24T08:27:48 IST" duration-ms="32393" status="PASS">
          <params>
            <param index="0">
              <value>
                <![CDATA["Login, Search and Add Product to Cart"]]>
              </value>
            </param>
            <param index="1">
              <value>
                <![CDATA["Add to Cart Functionality"]]>
              </value>
            </param>
          </params>
          <reporter-output>
          </reporter-output>
        </test-method> <!-- runScenario -->
        <test-method signature="runScenario(io.cucumber.testng.PickleWrapper,io.cucumber.testng.FeatureWrapper)[pri:0, instance:runners.TestRunner@5b04476e]" started-at="2024-01-24T08:27:48 IST" name="runScenario" description="Runs Cucumber Scenarios" data-provider="scenarios" finished-at="2024-01-24T08:28:46 IST" duration-ms="58730" status="PASS">
          <params>
            <param index="0">
              <value>
                <![CDATA["User must be able to find FirstCry store results"]]>
              </value>
            </param>
            <param index="1">
              <value>
                <![CDATA["StoreLocator Functionality"]]>
              </value>
            </param>
          </params>
          <reporter-output>
          </reporter-output>
        </test-method> <!-- runScenario -->
        <test-method signature="runScenario(io.cucumber.testng.PickleWrapper,io.cucumber.testng.FeatureWrapper)[pri:0, instance:runners.TestRunner@5b04476e]" started-at="2024-01-24T08:28:46 IST" name="runScenario" description="Runs Cucumber Scenarios" data-provider="scenarios" finished-at="2024-01-24T08:29:46 IST" duration-ms="59074" status="PASS">
          <params>
            <param index="0">
              <value>
                <![CDATA["Login to FirstCry"]]>
              </value>
            </param>
            <param index="1">
              <value>
                <![CDATA["PreSchool Funtionality"]]>
              </value>
            </param>
          </params>
          <reporter-output>
          </reporter-output>
        </test-method> <!-- runScenario -->
        <test-method signature="runScenario(io.cucumber.testng.PickleWrapper,io.cucumber.testng.FeatureWrapper)[pri:0, instance:runners.TestRunner@5b04476e]" started-at="2024-01-24T08:29:46 IST" name="runScenario" description="Runs Cucumber Scenarios" data-provider="scenarios" finished-at="2024-01-24T08:30:20 IST" duration-ms="34490" status="PASS">
          <params>
            <param index="0">
              <value>
                <![CDATA["User must be able to view cart"]]>
              </value>
            </param>
            <param index="1">
              <value>
                <![CDATA["Cart Functionality"]]>
              </value>
            </param>
          </params>
          <reporter-output>
          </reporter-output>
        </test-method> <!-- runScenario -->
        <test-method signature="runScenario(io.cucumber.testng.PickleWrapper,io.cucumber.testng.FeatureWrapper)[pri:0, instance:runners.TestRunner@5b04476e]" started-at="2024-01-24T08:30:20 IST" name="runScenario" description="Runs Cucumber Scenarios" data-provider="scenarios" finished-at="2024-01-24T08:31:23 IST" duration-ms="63408" status="PASS">
          <params>
            <param index="0">
              <value>
                <![CDATA["Shortlist products"]]>
              </value>
            </param>
            <param index="1">
              <value>
                <![CDATA["Shortlist Functionality"]]>
              </value>
            </param>
          </params>
          <reporter-output>
          </reporter-output>
        </test-method> <!-- runScenario -->
        <test-method is-config="true" signature="tearDownClass()[pri:0, instance:runners.TestRunner@5b04476e]" started-at="2024-01-24T08:31:23 IST" name="tearDownClass" finished-at="2024-01-24T08:31:24 IST" duration-ms="213" status="PASS">
          <reporter-output>
          </reporter-output>
        </test-method> <!-- tearDownClass -->
      </class> <!-- runners.TestRunner -->
    </test> <!-- Default test -->
  </suite> <!-- Default suite -->
</testng-results>
