<?xml version="1.0" encoding="UTF-8"?>
<!-- Generated by org.testng.reporters.JUnitReportReporter -->
<testsuite hostname="Rithik" failures="1" tests="10" name="runners.TestRunner" time="422.483" errors="0" timestamp="2024-01-24T08:31:24 IST" skipped="0">
  <testcase classname="runners.TestRunner" name="runScenario" time="49.769"/>
  <system-out/>
  <testcase classname="runners.TestRunner" name="runScenario" time="34.490"/>
  <system-out/>
  <testcase classname="runners.TestRunner" name="runScenario" time="14.251"/>
  <system-out/>
  <testcase classname="runners.TestRunner" name="runScenario" time="48.637"/>
  <system-out/>
  <testcase classname="runners.TestRunner" name="runScenario" time="18.159"/>
  <system-out/>
  <testcase classname="runners.TestRunner" name="runScenario" time="58.730"/>
  <system-out/>
  <testcase classname="runners.TestRunner" name="runScenario" time="43.572">
    <failure message="expected [Login] but found [Baby Products Online India: Newborn Baby Products &amp; Kids Online Shopping at FirstCry.com]" type="java.lang.AssertionError">
      <![CDATA[java.lang.AssertionError: expected [Login] but found [Baby Products Online India: Newborn Baby Products & Kids Online Shopping at FirstCry.com]
at org.testng.Assert.fail(Assert.java:110)
at org.testng.Assert.failNotEquals(Assert.java:1577)
at org.testng.Assert.assertEqualsImpl(Assert.java:149)
at org.testng.Assert.assertEquals(Assert.java:131)
at org.testng.Assert.assertEquals(Assert.java:655)
at org.testng.Assert.assertEquals(Assert.java:665)
at Stepdefinition.LoginStep.user_click_the_submit_btn(LoginStep.java:124)
at âœ½.user click the submit btn(file:///D:/Mphasis%20Training/Selenium%20workspace/FirstCry_RLL/src/test/java/Feature/A_login.feature:18)
]]>
    </failure>
  </testcase> <!-- runScenario -->
  <system-out/>
  <testcase classname="runners.TestRunner" name="runScenario" time="59.074"/>
  <system-out/>
  <testcase classname="runners.TestRunner" name="runScenario" time="63.408"/>
  <system-out/>
  <testcase classname="runners.TestRunner" name="runScenario" time="32.393"/>
  <system-out/>
</testsuite> <!-- runners.TestRunner -->
